<?xml version="1.0" encoding="UTF-8"?>
<testng-results skipped="0" failed="7" total="9" passed="2">
  <reporter-output>
  </reporter-output>
  <suite name="Suite" duration-ms="4922" started-at="2018-05-03T07:47:21Z" finished-at="2018-05-03T07:47:26Z">
    <groups>
    </groups>
    <test name="Test" duration-ms="4922" started-at="2018-05-03T07:47:21Z" finished-at="2018-05-03T07:47:26Z">
      <class name="com.example.websocket.test.D1Test">
        <test-method status="PASS" signature="beforeTest()[pri:0, instance:com.example.websocket.test.D1Test@6a41eaa2]" name="beforeTest" is-config="true" duration-ms="1812" started-at="2018-05-03T15:47:21Z" finished-at="2018-05-03T15:47:23Z">
          <reporter-output>
          </reporter-output>
        </test-method> <!-- beforeTest -->
        <test-method status="PASS" signature="beforeClass()[pri:0, instance:com.example.websocket.test.D1Test@6a41eaa2]" name="beforeClass" is-config="true" duration-ms="2978" started-at="2018-05-03T15:47:23Z" finished-at="2018-05-03T15:47:26Z">
          <reporter-output>
          </reporter-output>
        </test-method> <!-- beforeClass -->
        <test-method status="PASS" signature="testD1(java.util.Map)[pri:0, instance:com.example.websocket.test.D1Test@6a41eaa2]" name="testD1" duration-ms="22" started-at="2018-05-03T15:47:26Z" data-provider="d1" finished-at="2018-05-03T15:47:26Z">
          <params>
            <param index="0">
              <value>
                <![CDATA[{counterNo=A-10, flightNo=8L1101|8L1102|8L1103|8L1104|8L1105|8L1106, statusZH=取消, toCityZH=海口}]]>
              </value>
            </param>
          </params>
          <reporter-output>
          </reporter-output>
        </test-method> <!-- testD1 -->
        <test-method status="FAIL" signature="testD1(java.util.Map)[pri:0, instance:com.example.websocket.test.D1Test@6a41eaa2]" name="testD1" duration-ms="7" started-at="2018-05-03T15:47:26Z" data-provider="d1" finished-at="2018-05-03T15:47:26Z">
          <params>
            <param index="0">
              <value>
                <![CDATA[{counterNo=A-11, flightNo=8L1101|8L1102|8L1103|8L1104|8L1105|8L1106, statusZH=取消, toCityZH=成都}]]>
              </value>
            </param>
          </params>
          <exception class="java.lang.AssertionError">
            <message>
              <![CDATA[The following asserts failed:
null]]>
            </message>
            <full-stacktrace>
              <![CDATA[java.lang.AssertionError: The following asserts failed:
null
	at org.testng.asserts.SoftAssert.assertAll(SoftAssert.java:38)
	at com.example.websocket.test.D1Test.testD1(D1Test.java:43)
	at sun.reflect.NativeMethodAccessorImpl.invoke0(Native Method)
	at sun.reflect.NativeMethodAccessorImpl.invoke(NativeMethodAccessorImpl.java:62)
	at sun.reflect.DelegatingMethodAccessorImpl.invoke(DelegatingMethodAccessorImpl.java:43)
	at java.lang.reflect.Method.invoke(Method.java:498)
	at org.testng.internal.MethodInvocationHelper.invokeMethod(MethodInvocationHelper.java:84)
	at org.testng.internal.Invoker.invokeMethod(Invoker.java:714)
	at org.testng.internal.Invoker.invokeTestMethod(Invoker.java:901)
	at org.testng.internal.Invoker.invokeTestMethods(Invoker.java:1231)
	at org.testng.internal.TestMethodWorker.invokeTestMethods(TestMethodWorker.java:127)
	at org.testng.internal.TestMethodWorker.run(TestMethodWorker.java:111)
	at java.util.concurrent.ThreadPoolExecutor.runWorker(ThreadPoolExecutor.java:1142)
	at java.util.concurrent.ThreadPoolExecutor$Worker.run(ThreadPoolExecutor.java:617)
	at java.lang.Thread.run(Thread.java:745)
]]>
            </full-stacktrace>
          </exception> <!-- java.lang.AssertionError -->
          <reporter-output>
          </reporter-output>
        </test-method> <!-- testD1 -->
        <test-method status="FAIL" signature="testD1(java.util.Map)[pri:0, instance:com.example.websocket.test.D1Test@6a41eaa2]" name="testD1" duration-ms="6" started-at="2018-05-03T15:47:26Z" data-provider="d1" finished-at="2018-05-03T15:47:26Z">
          <params>
            <param index="0">
              <value>
                <![CDATA[{counterNo=A-10, flightNo=8L1101|8L1102|8L1103|8L1104|8L1105|8L1106, statusZH=取消, toCityZH=武汉}]]>
              </value>
            </param>
          </params>
          <exception class="java.lang.AssertionError">
            <message>
              <![CDATA[The following asserts failed:
null, null]]>
            </message>
            <full-stacktrace>
              <![CDATA[java.lang.AssertionError: The following asserts failed:
null, null
	at org.testng.asserts.SoftAssert.assertAll(SoftAssert.java:38)
	at com.example.websocket.test.D1Test.testD1(D1Test.java:43)
	at sun.reflect.NativeMethodAccessorImpl.invoke0(Native Method)
	at sun.reflect.NativeMethodAccessorImpl.invoke(NativeMethodAccessorImpl.java:62)
	at sun.reflect.DelegatingMethodAccessorImpl.invoke(DelegatingMethodAccessorImpl.java:43)
	at java.lang.reflect.Method.invoke(Method.java:498)
	at org.testng.internal.MethodInvocationHelper.invokeMethod(MethodInvocationHelper.java:84)
	at org.testng.internal.Invoker.invokeMethod(Invoker.java:714)
	at org.testng.internal.Invoker.invokeTestMethod(Invoker.java:901)
	at org.testng.internal.Invoker.invokeTestMethods(Invoker.java:1231)
	at org.testng.internal.TestMethodWorker.invokeTestMethods(TestMethodWorker.java:127)
	at org.testng.internal.TestMethodWorker.run(TestMethodWorker.java:111)
	at java.util.concurrent.ThreadPoolExecutor.runWorker(ThreadPoolExecutor.java:1142)
	at java.util.concurrent.ThreadPoolExecutor$Worker.run(ThreadPoolExecutor.java:617)
	at java.lang.Thread.run(Thread.java:745)
]]>
            </full-stacktrace>
          </exception> <!-- java.lang.AssertionError -->
          <reporter-output>
          </reporter-output>
        </test-method> <!-- testD1 -->
        <test-method status="FAIL" signature="testD1(java.util.Map)[pri:0, instance:com.example.websocket.test.D1Test@6a41eaa2]" name="testD1" duration-ms="13" started-at="2018-05-03T15:47:26Z" data-provider="d1" finished-at="2018-05-03T15:47:26Z">
          <params>
            <param index="0">
              <value>
                <![CDATA[{counterNo=A-10, flightNo=8L1101|8L1102|8L1103|8L1104|8L1105|8L1106, statusZH=取消, toCityZH=安庆}]]>
              </value>
            </param>
          </params>
          <exception class="java.lang.AssertionError">
            <message>
              <![CDATA[The following asserts failed:
null, null, null]]>
            </message>
            <full-stacktrace>
              <![CDATA[java.lang.AssertionError: The following asserts failed:
null, null, null
	at org.testng.asserts.SoftAssert.assertAll(SoftAssert.java:38)
	at com.example.websocket.test.D1Test.testD1(D1Test.java:43)
	at sun.reflect.NativeMethodAccessorImpl.invoke0(Native Method)
	at sun.reflect.NativeMethodAccessorImpl.invoke(NativeMethodAccessorImpl.java:62)
	at sun.reflect.DelegatingMethodAccessorImpl.invoke(DelegatingMethodAccessorImpl.java:43)
	at java.lang.reflect.Method.invoke(Method.java:498)
	at org.testng.internal.MethodInvocationHelper.invokeMethod(MethodInvocationHelper.java:84)
	at org.testng.internal.Invoker.invokeMethod(Invoker.java:714)
	at org.testng.internal.Invoker.invokeTestMethod(Invoker.java:901)
	at org.testng.internal.Invoker.invokeTestMethods(Invoker.java:1231)
	at org.testng.internal.TestMethodWorker.invokeTestMethods(TestMethodWorker.java:127)
	at org.testng.internal.TestMethodWorker.run(TestMethodWorker.java:111)
	at java.util.concurrent.ThreadPoolExecutor.runWorker(ThreadPoolExecutor.java:1142)
	at java.util.concurrent.ThreadPoolExecutor$Worker.run(ThreadPoolExecutor.java:617)
	at java.lang.Thread.run(Thread.java:745)
]]>
            </full-stacktrace>
          </exception> <!-- java.lang.AssertionError -->
          <reporter-output>
          </reporter-output>
        </test-method> <!-- testD1 -->
        <test-method status="FAIL" signature="testD1(java.util.Map)[pri:0, instance:com.example.websocket.test.D1Test@6a41eaa2]" name="testD1" duration-ms="8" started-at="2018-05-03T15:47:26Z" data-provider="d1" finished-at="2018-05-03T15:47:26Z">
          <params>
            <param index="0">
              <value>
                <![CDATA[{counterNo=A-10, flightNo=8L1101|8L1102|8L1103|8L1104|8L1105|8L1106, statusZH=取消, toCityZH=深圳}]]>
              </value>
            </param>
          </params>
          <exception class="java.lang.AssertionError">
            <message>
              <![CDATA[The following asserts failed:
null, null, null, null]]>
            </message>
            <full-stacktrace>
              <![CDATA[java.lang.AssertionError: The following asserts failed:
null, null, null, null
	at org.testng.asserts.SoftAssert.assertAll(SoftAssert.java:38)
	at com.example.websocket.test.D1Test.testD1(D1Test.java:43)
	at sun.reflect.NativeMethodAccessorImpl.invoke0(Native Method)
	at sun.reflect.NativeMethodAccessorImpl.invoke(NativeMethodAccessorImpl.java:62)
	at sun.reflect.DelegatingMethodAccessorImpl.invoke(DelegatingMethodAccessorImpl.java:43)
	at java.lang.reflect.Method.invoke(Method.java:498)
	at org.testng.internal.MethodInvocationHelper.invokeMethod(MethodInvocationHelper.java:84)
	at org.testng.internal.Invoker.invokeMethod(Invoker.java:714)
	at org.testng.internal.Invoker.invokeTestMethod(Invoker.java:901)
	at org.testng.internal.Invoker.invokeTestMethods(Invoker.java:1231)
	at org.testng.internal.TestMethodWorker.invokeTestMethods(TestMethodWorker.java:127)
	at org.testng.internal.TestMethodWorker.run(TestMethodWorker.java:111)
	at java.util.concurrent.ThreadPoolExecutor.runWorker(ThreadPoolExecutor.java:1142)
	at java.util.concurrent.ThreadPoolExecutor$Worker.run(ThreadPoolExecutor.java:617)
	at java.lang.Thread.run(Thread.java:745)
]]>
            </full-stacktrace>
          </exception> <!-- java.lang.AssertionError -->
          <reporter-output>
          </reporter-output>
        </test-method> <!-- testD1 -->
        <test-method status="FAIL" signature="testD1(java.util.Map)[pri:0, instance:com.example.websocket.test.D1Test@6a41eaa2]" name="testD1" duration-ms="1" started-at="2018-05-03T15:47:26Z" data-provider="d1" finished-at="2018-05-03T15:47:26Z">
          <params>
            <param index="0">
              <value>
                <![CDATA[{counterNo=A-10, flightNo=8L1101|8L1102|8L1103|8L1104|8L1105|8L1106, statusZH=取消, toCityZH=重庆}]]>
              </value>
            </param>
          </params>
          <exception class="java.lang.AssertionError">
            <message>
              <![CDATA[The following asserts failed:
null, null, null, null, null]]>
            </message>
            <full-stacktrace>
              <![CDATA[java.lang.AssertionError: The following asserts failed:
null, null, null, null, null
	at org.testng.asserts.SoftAssert.assertAll(SoftAssert.java:38)
	at com.example.websocket.test.D1Test.testD1(D1Test.java:43)
	at sun.reflect.NativeMethodAccessorImpl.invoke0(Native Method)
	at sun.reflect.NativeMethodAccessorImpl.invoke(NativeMethodAccessorImpl.java:62)
	at sun.reflect.DelegatingMethodAccessorImpl.invoke(DelegatingMethodAccessorImpl.java:43)
	at java.lang.reflect.Method.invoke(Method.java:498)
	at org.testng.internal.MethodInvocationHelper.invokeMethod(MethodInvocationHelper.java:84)
	at org.testng.internal.Invoker.invokeMethod(Invoker.java:714)
	at org.testng.internal.Invoker.invokeTestMethod(Invoker.java:901)
	at org.testng.internal.Invoker.invokeTestMethods(Invoker.java:1231)
	at org.testng.internal.TestMethodWorker.invokeTestMethods(TestMethodWorker.java:127)
	at org.testng.internal.TestMethodWorker.run(TestMethodWorker.java:111)
	at java.util.concurrent.ThreadPoolExecutor.runWorker(ThreadPoolExecutor.java:1142)
	at java.util.concurrent.ThreadPoolExecutor$Worker.run(ThreadPoolExecutor.java:617)
	at java.lang.Thread.run(Thread.java:745)
]]>
            </full-stacktrace>
          </exception> <!-- java.lang.AssertionError -->
          <reporter-output>
          </reporter-output>
        </test-method> <!-- testD1 -->
        <test-method status="FAIL" signature="testD1(java.util.Map)[pri:0, instance:com.example.websocket.test.D1Test@6a41eaa2]" name="testD1" duration-ms="1" started-at="2018-05-03T15:47:26Z" data-provider="d1" finished-at="2018-05-03T15:47:26Z">
          <params>
            <param index="0">
              <value>
                <![CDATA[{counterNo=A-10, flightNo=8L1101|8L1102|8L1103|8L1104|8L1105|8L1106, statusZH=取消, toCityZH=左旗巴彦浩特}]]>
              </value>
            </param>
          </params>
          <exception class="java.lang.AssertionError">
            <message>
              <![CDATA[The following asserts failed:
null, null, null, null, null, null]]>
            </message>
            <full-stacktrace>
              <![CDATA[java.lang.AssertionError: The following asserts failed:
null, null, null, null, null, null
	at org.testng.asserts.SoftAssert.assertAll(SoftAssert.java:38)
	at com.example.websocket.test.D1Test.testD1(D1Test.java:43)
	at sun.reflect.NativeMethodAccessorImpl.invoke0(Native Method)
	at sun.reflect.NativeMethodAccessorImpl.invoke(NativeMethodAccessorImpl.java:62)
	at sun.reflect.DelegatingMethodAccessorImpl.invoke(DelegatingMethodAccessorImpl.java:43)
	at java.lang.reflect.Method.invoke(Method.java:498)
	at org.testng.internal.MethodInvocationHelper.invokeMethod(MethodInvocationHelper.java:84)
	at org.testng.internal.Invoker.invokeMethod(Invoker.java:714)
	at org.testng.internal.Invoker.invokeTestMethod(Invoker.java:901)
	at org.testng.internal.Invoker.invokeTestMethods(Invoker.java:1231)
	at org.testng.internal.TestMethodWorker.invokeTestMethods(TestMethodWorker.java:127)
	at org.testng.internal.TestMethodWorker.run(TestMethodWorker.java:111)
	at java.util.concurrent.ThreadPoolExecutor.runWorker(ThreadPoolExecutor.java:1142)
	at java.util.concurrent.ThreadPoolExecutor$Worker.run(ThreadPoolExecutor.java:617)
	at java.lang.Thread.run(Thread.java:745)
]]>
            </full-stacktrace>
          </exception> <!-- java.lang.AssertionError -->
          <reporter-output>
          </reporter-output>
        </test-method> <!-- testD1 -->
        <test-method status="PASS" signature="afterClass()[pri:0, instance:com.example.websocket.test.D1Test@6a41eaa2]" name="afterClass" is-config="true" duration-ms="0" started-at="2018-05-03T15:47:26Z" finished-at="2018-05-03T15:47:26Z">
          <reporter-output>
          </reporter-output>
        </test-method> <!-- afterClass -->
        <test-method status="PASS" signature="afterTest()[pri:0, instance:com.example.websocket.test.D1Test@6a41eaa2]" name="afterTest" is-config="true" duration-ms="1" started-at="2018-05-03T15:47:26Z" finished-at="2018-05-03T15:47:26Z">
          <reporter-output>
          </reporter-output>
        </test-method> <!-- afterTest -->
      </class> <!-- com.example.websocket.test.D1Test -->
      <class name="com.example.websocket.test.A1Test">
        <test-method status="PASS" signature="beforeClass()[pri:0, instance:com.example.websocket.test.A1Test@1a968a59]" name="beforeClass" is-config="true" duration-ms="2968" started-at="2018-05-03T15:47:23Z" finished-at="2018-05-03T15:47:26Z">
          <reporter-output>
          </reporter-output>
        </test-method> <!-- beforeClass -->
        <test-method status="PASS" signature="testA1(java.util.Map)[pri:0, instance:com.example.websocket.test.A1Test@1a968a59]" name="testA1" duration-ms="29" started-at="2018-05-03T15:47:26Z" data-provider="a1" finished-at="2018-05-03T15:47:26Z">
          <params>
            <param index="0">
              <value>
                <![CDATA[{exitNo=D, flightNo=CA0001|CA0002|CA0003|CA0004|CA0005|CA0006, fromCityZH=成都, statusZH=延误}]]>
              </value>
            </param>
          </params>
          <reporter-output>
          </reporter-output>
        </test-method> <!-- testA1 -->
        <test-method status="FAIL" signature="testA1(java.util.Map)[pri:0, instance:com.example.websocket.test.A1Test@1a968a59]" name="testA1" duration-ms="8" started-at="2018-05-03T15:47:26Z" data-provider="a1" finished-at="2018-05-03T15:47:26Z">
          <params>
            <param index="0">
              <value>
                <![CDATA[{exitNo=F, flightNo=CA0001|CA0002|CA0003|CA0004|CA0005|CA0006, fromCityZH=贵阳, statusZH=延误}]]>
              </value>
            </param>
          </params>
          <exception class="java.lang.AssertionError">
            <message>
              <![CDATA[The following asserts failed:
null]]>
            </message>
            <full-stacktrace>
              <![CDATA[java.lang.AssertionError: The following asserts failed:
null
	at org.testng.asserts.SoftAssert.assertAll(SoftAssert.java:38)
	at com.example.websocket.test.A1Test.testA1(A1Test.java:44)
	at sun.reflect.NativeMethodAccessorImpl.invoke0(Native Method)
	at sun.reflect.NativeMethodAccessorImpl.invoke(NativeMethodAccessorImpl.java:62)
	at sun.reflect.DelegatingMethodAccessorImpl.invoke(DelegatingMethodAccessorImpl.java:43)
	at java.lang.reflect.Method.invoke(Method.java:498)
	at org.testng.internal.MethodInvocationHelper.invokeMethod(MethodInvocationHelper.java:84)
	at org.testng.internal.Invoker.invokeMethod(Invoker.java:714)
	at org.testng.internal.Invoker.invokeTestMethod(Invoker.java:901)
	at org.testng.internal.Invoker.invokeTestMethods(Invoker.java:1231)
	at org.testng.internal.TestMethodWorker.invokeTestMethods(TestMethodWorker.java:127)
	at org.testng.internal.TestMethodWorker.run(TestMethodWorker.java:111)
	at java.util.concurrent.ThreadPoolExecutor.runWorker(ThreadPoolExecutor.java:1142)
	at java.util.concurrent.ThreadPoolExecutor$Worker.run(ThreadPoolExecutor.java:617)
	at java.lang.Thread.run(Thread.java:745)
]]>
            </full-stacktrace>
          </exception> <!-- java.lang.AssertionError -->
          <reporter-output>
          </reporter-output>
        </test-method> <!-- testA1 -->
        <test-method status="PASS" signature="afterClass()[pri:0, instance:com.example.websocket.test.A1Test@1a968a59]" name="afterClass" is-config="true" duration-ms="1" started-at="2018-05-03T15:47:26Z" finished-at="2018-05-03T15:47:26Z">
          <reporter-output>
          </reporter-output>
        </test-method> <!-- afterClass -->
      </class> <!-- com.example.websocket.test.A1Test -->
    </test> <!-- Test -->
  </suite> <!-- Suite -->
</testng-results>
